<?xml version="1.0" encoding="UTF-8"?>
<testsuite xmlns:xsi="http://www.w3.org/2001/XMLSchema-instance" xsi:noNamespaceSchemaLocation="https://maven.apache.org/surefire/maven-surefire-plugin/xsd/surefire-test-report-3.0.xsd" version="3.0" name="com.missoft.pms.TableStructureVerificationTest" time="3.77" tests="1" errors="0" skipped="0" failures="0">
  <properties>
[...]
</properties>
  <testcase name="testUserTableStructure" classname="com.missoft.pms.TableStructureVerificationTest" time="0.278">
    <system-out><![CDATA[13:42:14.738 [main] INFO org.springframework.test.context.support.AnnotationConfigContextLoaderUtils -- Could not detect default configuration classes for test class [com.missoft.pms.TableStructureVerificationTest]: TableStructureVerificationTest does not declare any static, non-private, non-final, nested classes annotated with @Configuration.
13:42:14.804 [main] INFO org.springframework.boot.test.context.SpringBootTestContextBootstrapper -- Found @SpringBootConfiguration com.missoft.pms.PmsApplication for test class com.missoft.pms.TableStructureVerificationTest

  .   ____          _            __ _ _
 /\\ / ___'_ __ _ _(_)_ __  __ _ \ \ \ \
( ( )\___ | '_ | '_| | '_ \/ _` | \ \ \ \
 \\/  ___)| |_)| | | | | || (_| |  ) ) ) )
  '  |____| .__|_| |_|_| |_\__, | / / / /
 =========|_|==============|___/=/_/_/_/
 :: Spring Boot ::                (v3.2.1)

🚀 数据库预初始化器开始执行...
📋 数据库配置信息:
   - URL: jdbc:mysql://localhost:3306/pms_db?useUnicode=true&characterEncoding=utf8&useSSL=false&allowPublicKeyRetrieval=true&serverTimezone=Asia/Shanghai
   - 用户名: root
   - 密码: ***
🔍 目标数据库: pms_db
🔗 原始URL: jdbc:mysql://localhost:3306/pms_db?useUnicode=true&characterEncoding=utf8&useSSL=false&allowPublicKeyRetrieval=true&serverTimezone=Asia/Shanghai
🔗 基础URL: jdbc:mysql://localhost:3306/?useUnicode=true&characterEncoding=utf8&useSSL=false&allowPublicKeyRetrieval=true&serverTimezone=Asia/Shanghai
🔗 用户名: root
🔗 检查MySQL服务连接...
✅ MySQL服务连接正常
🔐 检查数据库权限...
✅ 数据库权限检查通过
✅ 数据库 'pms_db' 已存在
🔍 验证数据库连接...
✅ 数据库连接验证成功
🔄 开始数据库迁移检查...
🔄 开始数据库迁移检查...
✅ 迁移历史表已存在
📋 已执行的迁移版本: [020, 010, 021, 011, 022, 001, 012, 002, 013, 014, 015, 016, 017, 018, 008, 019]
✅ 数据库已是最新版本，无需迁移
✅ 数据库预初始化和迁移完成，应用可以正常启动
🚀 数据库预初始化器开始执行...
📋 数据库配置信息:
   - URL: jdbc:mysql://localhost:3306/pms_db?useUnicode=true&characterEncoding=utf8&useSSL=false&allowPublicKeyRetrieval=true&serverTimezone=Asia/Shanghai
   - 用户名: root
   - 密码: ***
🔍 目标数据库: pms_db
🔗 原始URL: jdbc:mysql://localhost:3306/pms_db?useUnicode=true&characterEncoding=utf8&useSSL=false&allowPublicKeyRetrieval=true&serverTimezone=Asia/Shanghai
🔗 基础URL: jdbc:mysql://localhost:3306/?useUnicode=true&characterEncoding=utf8&useSSL=false&allowPublicKeyRetrieval=true&serverTimezone=Asia/Shanghai
🔗 用户名: root
🔗 检查MySQL服务连接...
✅ MySQL服务连接正常
🔐 检查数据库权限...
✅ 数据库权限检查通过
✅ 数据库 'pms_db' 已存在
🔍 验证数据库连接...
✅ 数据库连接验证成功
🔄 开始数据库迁移检查...
🔄 开始数据库迁移检查...
✅ 迁移历史表已存在
📋 已执行的迁移版本: [020, 010, 021, 011, 022, 001, 012, 002, 013, 014, 015, 016, 017, 018, 008, 019]
✅ 数据库已是最新版本，无需迁移
✅ 数据库预初始化和迁移完成，应用可以正常启动
2025-09-21 13:42:15 [main] INFO  c.m.p.TableStructureVerificationTest - Starting TableStructureVerificationTest using Java 17.0.14 with PID 16368 (started by wenxi in E:\TraeProjects\MissoftPMS\backend)
2025-09-21 13:42:15 [main] DEBUG c.m.p.TableStructureVerificationTest - Running with Spring Boot v3.2.1, Spring v6.1.2
2025-09-21 13:42:15 [main] INFO  c.m.p.TableStructureVerificationTest - No active profile set, falling back to 1 default profile: "default"
2025-09-21 13:42:15 [main] INFO  o.s.d.r.c.RepositoryConfigurationDelegate - Bootstrapping Spring Data JPA repositories in DEFAULT mode.
2025-09-21 13:42:15 [main] INFO  o.s.d.r.c.RepositoryConfigurationDelegate - Finished Spring Data repository scanning in 36 ms. Found 1 JPA repository interface.
2025-09-21 13:42:16 [main] INFO  o.h.jpa.internal.util.LogHelper - HHH000204: Processing PersistenceUnitInfo [name: default]
2025-09-21 13:42:16 [main] INFO  org.hibernate.Version - HHH000412: Hibernate ORM core version 6.4.1.Final
2025-09-21 13:42:16 [main] INFO  o.h.c.i.RegionFactoryInitiator - HHH000026: Second-level cache disabled
2025-09-21 13:42:16 [main] INFO  o.s.o.j.p.SpringPersistenceUnitInfo - No LoadTimeWeaver setup: ignoring JPA class transformer
2025-09-21 13:42:16 [main] INFO  com.zaxxer.hikari.HikariDataSource - HikariPool-1 - Starting...
2025-09-21 13:42:16 [main] INFO  com.zaxxer.hikari.pool.HikariPool - HikariPool-1 - Added connection com.mysql.cj.jdbc.ConnectionImpl@52a67293
2025-09-21 13:42:16 [main] INFO  com.zaxxer.hikari.HikariDataSource - HikariPool-1 - Start completed.
2025-09-21 13:42:16 [main] WARN  org.hibernate.orm.deprecation - HHH90000025: MySQL8Dialect does not need to be specified explicitly using 'hibernate.dialect' (remove the property setting and it will be selected by default)
2025-09-21 13:42:16 [main] WARN  org.hibernate.orm.deprecation - HHH90000026: MySQL8Dialect has been deprecated; use org.hibernate.dialect.MySQLDialect instead
2025-09-21 13:42:16 [main] INFO  o.h.e.t.j.p.i.JtaPlatformInitiator - HHH000489: No JTA platform available (set 'hibernate.transaction.jta.platform' to enable JTA platform integration)
2025-09-21 13:42:16 [main] INFO  o.s.o.j.LocalContainerEntityManagerFactoryBean - Initialized JPA EntityManagerFactory for persistence unit 'default'
2025-09-21 13:42:17 [main] INFO  o.s.d.j.r.query.QueryEnhancerFactory - Hibernate is in classpath; If applicable, HQL parser will be used.
2025-09-21 13:42:17 [main] WARN  o.s.b.a.o.j.JpaBaseConfiguration$JpaWebConfiguration - spring.jpa.open-in-view is enabled by default. Therefore, database queries may be performed during view rendering. Explicitly configure spring.jpa.open-in-view to disable this warning
2025-09-21 13:42:17 [main] WARN  o.s.b.a.s.s.UserDetailsServiceAutoConfiguration - 

Using generated security password: 6928cd01-f6df-47e6-be3b-33c75254e260

This generated password is for development use only. Your security configuration must be updated before running your application in production.

2025-09-21 13:42:17 [main] INFO  o.s.s.web.DefaultSecurityFilterChain - Will secure any request with [org.springframework.security.web.session.DisableEncodeUrlFilter@209baf91, org.springframework.security.web.context.request.async.WebAsyncManagerIntegrationFilter@5e1d3188, org.springframework.security.web.context.SecurityContextHolderFilter@680408ac, org.springframework.security.web.header.HeaderWriterFilter@b3c7c75, org.springframework.web.filter.CorsFilter@5982255e, org.springframework.security.web.authentication.logout.LogoutFilter@3a5663ef, org.springframework.security.web.savedrequest.RequestCacheAwareFilter@6421d85c, org.springframework.security.web.servletapi.SecurityContextHolderAwareRequestFilter@5eb89000, org.springframework.security.web.authentication.AnonymousAuthenticationFilter@7306836f, org.springframework.security.web.session.SessionManagementFilter@361b2995, org.springframework.security.web.access.ExceptionTranslationFilter@32dc895e, org.springframework.security.web.access.intercept.AuthorizationFilter@236bb278]
2025-09-21 13:42:18 [main] INFO  c.m.p.TableStructureVerificationTest - Started TableStructureVerificationTest in 3.235 seconds (process running for 3.773)
=== 数据库中的所有表 ===
表名: act_evt_log
表名: act_ge_bytearray
表名: act_ge_property
表名: act_hi_actinst
表名: act_hi_attachment
表名: act_hi_comment
表名: act_hi_detail
表名: act_hi_entitylink
表名: act_hi_identitylink
表名: act_hi_procinst
表名: act_hi_taskinst
表名: act_hi_tsk_log
表名: act_hi_varinst
表名: act_id_bytearray
表名: act_id_group
表名: act_id_info
表名: act_id_membership
表名: act_id_priv
表名: act_id_priv_mapping
表名: act_id_property
表名: act_id_token
表名: act_id_user
表名: act_procdef_info
表名: act_re_deployment
表名: act_re_model
表名: act_re_procdef
表名: act_ru_actinst
表名: act_ru_deadletter_job
表名: act_ru_entitylink
表名: act_ru_event_subscr
表名: act_ru_execution
表名: act_ru_history_job
表名: act_ru_identitylink
表名: act_ru_job
表名: act_ru_suspended_job
表名: act_ru_task
表名: act_ru_timer_job
表名: act_ru_variable
表名: database_version
表名: esp_1
表名: esp_1_file
表名: esp_1_file_log
表名: esp_1_log
表名: esp_1_metadata0
表名: esp_1_metadata1
表名: ess_action
表名: ess_action_role
表名: ess_archive_mapper
表名: ess_archive_result
表名: ess_archive_rule
表名: ess_archive_scope
表名: ess_archive_statistics
表名: ess_assign
表名: ess_assign_find
表名: ess_box
表名: ess_box_rule
表名: ess_box_tag
表名: ess_bring_rule
表名: ess_business_box
表名: ess_business_data_collect_statistics
表名: ess_business_data_comment
表名: ess_business_data_count_statistics
表名: ess_business_data_field
表名: ess_business_data_push
表名: ess_business_file_field
表名: ess_business_menu
表名: ess_business_operate_log
表名: ess_business_statistics_node_project
表名: ess_business_statistics_project
表名: ess_business_tree
表名: ess_business_tree_menu_action_role
表名: ess_business_tree_role
表名: ess_class
表名: ess_combination_replace_rule
表名: ess_combination_rule
表名: ess_compilation
表名: ess_compilation_file
表名: ess_compilation_tree
表名: ess_config
表名: ess_damage_storage
表名: ess_dashboard_layout
表名: ess_dashboard_statistics
表名: ess_dashboard_widget
表名: ess_data_role
表名: ess_database_auto_increment
表名: ess_database_backup
表名: ess_database_recover
表名: ess_destroy_identify_data
表名: ess_destroy_identify_form
表名: ess_destroy_identify_task
表名: ess_destroy_workflow_business_data
表名: ess_dictionary
表名: ess_dictionary_value
表名: ess_document_download_log
表名: ess_document_type_rule
表名: ess_document_view_log
表名: ess_error_index
表名: ess_favorite
表名: ess_field_form_role
表名: ess_field_group_rule
表名: ess_field_table_role
表名: ess_field_table_width
表名: ess_field_update_log
表名: ess_field_value_rule
表名: ess_file_format_registry
表名: ess_file_scan_rule
表名: ess_file_server
表名: ess_file_server_alarm_mail
表名: ess_file_server_alarm_role
表名: ess_file_server_alarm_user
表名: ess_file_temporary_permission
表名: ess_filing_seal
表名: ess_filling_rule
表名: ess_fonds
表名: ess_fonds_role
表名: ess_form_rule
表名: ess_fulltext_search_rule
表名: ess_group_rule
表名: ess_identify_destroy_rule
表名: ess_identify_workflow_business_data
表名: ess_increment_index
表名: ess_increment_index_task
表名: ess_index_config
表名: ess_index_dict
表名: ess_keyword_rule
表名: ess_log
表名: ess_loss_foreign
表名: ess_loss_storage
表名: ess_mail
表名: ess_menu
表名: ess_menu_role
表名: ess_message
表名: ess_metadata
表名: ess_migrate_config
表名: ess_migrate_mapper
表名: ess_name_rule
表名: ess_notice
表名: ess_notice_file
表名: ess_ocr_config
表名: ess_online_user_statistics
表名: ess_opening_identify_form
表名: ess_opening_identify_task
表名: ess_opening_workflow_business_data
表名: ess_organ
表名: ess_packing_rule
表名: ess_quick_menu
表名: ess_quick_role
表名: ess_recycle_bin
表名: ess_relation_mapper
表名: ess_relation_rule
表名: ess_report
表名: ess_role
表名: ess_search_filters
表名: ess_search_keyword
表名: ess_serial_number_refer_field
表名: ess_serial_number_rule
表名: ess_shopping_cart
表名: ess_sort_rule
表名: ess_storage
表名: ess_storage_alarm
表名: ess_storage_alarm_mail
表名: ess_storage_alarm_message
表名: ess_storage_alarm_sms
表名: ess_storage_device
表名: ess_storage_monitor
表名: ess_storage_shelf
表名: ess_storage_tree
表名: ess_storage_tree_role
表名: ess_structure
表名: ess_structure_report
表名: ess_system_metadata
表名: ess_table_rule
表名: ess_table_search_rule
表名: ess_template
表名: ess_template_box_rule
表名: ess_template_bring_rule
表名: ess_template_combination_replace_rule
表名: ess_template_combination_rule
表名: ess_template_document_type_rule
表名: ess_template_field
表名: ess_template_field_group_rule
表名: ess_template_field_value_rule
表名: ess_template_file_scan_rule
表名: ess_template_filing_seal
表名: ess_template_filling_rule
表名: ess_template_form_rule
表名: ess_template_fulltext_search_rule
表名: ess_template_group_rule
表名: ess_template_identify_destroy_rule
表名: ess_template_keyword_rule
表名: ess_template_metadata
表名: ess_template_name_rule
表名: ess_template_packing_rule
表名: ess_template_relation_mapper
表名: ess_template_relation_rule
表名: ess_template_report
表名: ess_template_serial_number_refer_field
表名: ess_template_serial_number_rule
表名: ess_template_sort_rule
表名: ess_template_table_rule
表名: ess_template_table_search_rule
表名: ess_topic
表名: ess_topic_comment
表名: ess_topic_file
表名: ess_topic_like
表名: ess_transfer_data
表名: ess_transfer_form
表名: ess_transfer_statistics_project
表名: ess_transfer_workflow_business_data
表名: ess_user
表名: ess_user_menu
表名: ess_user_role
表名: ess_using_data
表名: ess_using_field
表名: ess_using_form_internal_data
表名: ess_using_form_out_data
表名: ess_using_reminder
表名: ess_using_renew
表名: ess_using_report
表名: ess_using_statistics_project
表名: ess_using_workflow_business_data
表名: ess_validate_project
表名: ess_validate_report
表名: ess_validate_result
表名: ess_validate_task
表名: ess_validate_validator
表名: ess_watermark
表名: ess_workflow_business_data
表名: ess_workflow_comment
表名: ess_workflow_file
表名: ess_workflow_form
表名: ess_workflow_form_field
表名: ess_workflow_form_role
表名: ess_workflow_gateway_condition
表名: ess_workflow_model
表名: ess_workflow_model_report
表名: ess_workflow_task_candidate_config
表名: ess_workflow_task_candidate_role
表名: ess_workflow_task_candidate_user
表名: ess_workflow_task_form_field
表名: ess_year_report
表名: file_repository
表名: flw_channel_definition
表名: flw_ev_databasechangelog
表名: flw_ev_databasechangeloglock
表名: flw_event_definition
表名: flw_event_deployment
表名: flw_event_resource
表名: flw_ru_batch
表名: flw_ru_batch_part
表名: jwt_token
表名: system_log
表名: system_log_202508
表名: system_log_backup
表名: system_log_recover
表名: system_log_structure
表名: task_lock
表名: wf_1
表名: dashboard
表名: sequelizemeta
表名: staged_dashboard
表名: staged_task
表名: task
表名: task_circle
表名: afterservice_deliverable
表名: afterservice_event
表名: afterservice_project
表名: construct_deliverable
表名: construct_milestone
表名: constructing_project
表名: customer
表名: migration_history
表名: nonstandard_construct_step
表名: organ
表名: project_relations
表名: role
表名: standard_construct_step
表名: user
表名: sys_config

=== user表的字段信息 ===
表: user, 字段: userId, 类型: BIGINT
表: user, 字段: userName, 类型: VARCHAR
表: user, 字段: password, 类型: VARCHAR
表: user, 字段: organId, 类型: BIGINT
表: user, 字段: roleId, 类型: BIGINT
表: user, 字段: name, 类型: VARCHAR
表: user, 字段: locked, 类型: TINYINT

实际字段数量: 7
预期字段数量: 7
实际字段: [userId, userName, password, organId, roleId, name, locked]
预期字段: [userId, userName, password, organId, roleId, name, locked]
✅ user表结构验证通过！
]]></system-out>
  </testcase>
</testsuite>